
【2015-10-26】
用户 18211085003 进行中...
开始登陆...

【2015-10-26】
用户 18211085003 进行中...
开始登陆...
第1次识别验证码错误，登录失败...
第2次识别验证码错误，登录失败...
登录成功!
开始签到...
您已成功签到,系统送您3.00元的红包!

用户 15646563977 进行中...
开始登陆...
登录成功!
开始签到...
您已成功签到,系统送您4.00元的红包!

用户 13141330862 进行中...
开始登陆...
登录成功!
开始签到...
您已成功签到,系统送您4.00元的红包!

用户 13141330987 进行中...
开始登陆...
登录成功!
开始签到...
您已成功签到,系统送您5.00元的红包!

用户 13240912500 进行中...
开始登陆...
登录成功!
开始签到...
您已成功签到,系统送您5.00元的红包!

用户 13240912700 进行中...
开始登陆...
第1次识别验证码错误，登录失败...
登录成功!
开始签到...
您已成功签到,系统送您5.00元的红包!


程序执行结束，窗口即将关闭！

【2015-10-26】
用户 18211085003 进行中...
开始登陆...
登录成功!
开始签到...
您今天已经进行过签到,请明天继续!

用户 15646563977 进行中...
开始登陆...
登录成功!
开始签到...
您今天已经进行过签到,请明天继续!

用户 13141330862 进行中...
开始登陆...
登录成功!
开始签到...
您今天已经进行过签到,请明天继续!

用户 13141330987 进行中...
开始登陆...
登录成功!
开始签到...
您今天已经进行过签到,请明天继续!

用户 13240912500 进行中...
开始登陆...
登录成功!
开始签到...
您今天已经进行过签到,请明天继续!

用户 13240912700 进行中...
开始登陆...
登录成功!
开始签到...
您今天已经进行过签到,请明天继续!


程序执行结束，窗口即将关闭！

【2015-10-26】
用户 18211085003 进行中...
开始登陆...
登录成功!
开始签到...
您今天已经进行过签到,请明天继续!

用户 15646563977 进行中...
开始登陆...
登录成功!
开始签到...
您今天已经进行过签到,请明天继续!

用户 13141330862 进行中...
开始登陆...
登录成功!
开始签到...
您今天已经进行过签到,请明天继续!

用户 13141330987 进行中...
开始登陆...
登录成功!
开始签到...
您今天已经进行过签到,请明天继续!

用户 13240912500 进行中...
开始登陆...
登录成功!
开始签到...
您今天已经进行过签到,请明天继续!

用户 13240912700 进行中...
开始登陆...
登录成功!
开始签到...
您今天已经进行过签到,请明天继续!


程序执行结束，窗口即将关闭！

【2015-10-27】
用户 18211085003 进行中...
开始登陆...
登录成功!
开始签到...
您已成功签到,系统送您1.00元的红包!

用户 15646563977 进行中...
开始登陆...
登录成功!
开始签到...
您已成功签到,系统送您4.00元的红包!

用户 13141330862 进行中...
开始登陆...
登录成功!
开始签到...
您已成功签到,系统送您1.00元的红包!

用户 13141330987 进行中...
开始登陆...
第1次识别验证码错误，登录失败...
登录成功!
开始签到...
您已成功签到,系统送您4.00元的红包!

用户 13240912500 进行中...
开始登陆...
登录成功!
开始签到...
您已成功签到,系统送您1.00元的红包!

用户 13240912700 进行中...
开始登陆...
第1次识别验证码错误，登录失败...
第2次识别验证码错误，登录失败...
登录成功!
开始签到...
您已成功签到,系统送您3.00元的红包!


程序执行结束，窗口即将关闭！

【2015-10-27】
用户 18211085003 进行中...
开始登陆...
登录成功!
开始签到...
您今天已经进行过签到,请明天继续!

用户 15646563977 进行中...
开始登陆...
登录成功!
开始签到...
您今天已经进行过签到,请明天继续!

用户 13141330862 进行中...
开始登陆...
登录成功!
开始签到...
您今天已经进行过签到,请明天继续!

用户 13141330987 进行中...
开始登陆...
第1次识别验证码错误，登录失败...
登录成功!
开始签到...
您今天已经进行过签到,请明天继续!

用户 13240912500 进行中...
开始登陆...
登录成功!
开始签到...
您今天已经进行过签到,请明天继续!

用户 13240912700 进行中...
开始登陆...
登录成功!
开始签到...
您今天已经进行过签到,请明天继续!


程序执行结束，窗口即将关闭！

【2015-10-28】
用户 18211085003 进行中...
开始登陆...
登录成功!
开始签到...
您已成功签到,系统送您3.00元的红包!

用户 15646563977 进行中...
开始登陆...
登录成功!
开始签到...
您已成功签到,系统送您5.00元的红包!

用户 13141330862 进行中...
开始登陆...
登录成功!
开始签到...
您已成功签到,系统送您4.00元的红包!

用户 13141330987 进行中...
开始登陆...
第1次识别验证码错误，登录失败...
登录成功!
开始签到...
您已成功签到,系统送您3.00元的红包!

用户 13240912500 进行中...
开始登陆...
登录成功!
开始签到...
您已成功签到,系统送您3.00元的红包!

用户 13240912700 进行中...
开始登陆...
登录成功!
开始签到...
您已成功签到,系统送您2.00元的红包!


程序执行结束，窗口即将关闭！

【2015-10-28】
用户 18211085003 进行中...
开始登陆...
登录成功!
开始签到...
您今天已经进行过签到,请明天继续!

用户 15646563977 进行中...
开始登陆...
第1次识别验证码错误，登录失败...
登录成功!
开始签到...
您今天已经进行过签到,请明天继续!

用户 13141330862 进行中...
开始登陆...
登录成功!
开始签到...
您今天已经进行过签到,请明天继续!

用户 13141330987 进行中...
开始登陆...
登录成功!
开始签到...
您今天已经进行过签到,请明天继续!

用户 13240912500 进行中...
开始登陆...
登录成功!
开始签到...
您今天已经进行过签到,请明天继续!

用户 13240912700 进行中...
开始登陆...
登录成功!
开始签到...
您今天已经进行过签到,请明天继续!


程序执行结束，窗口即将关闭！

【2015-10-29】
用户 18211085003 进行中...
开始登陆...
第1次识别验证码错误，登录失败...
登录成功!
开始签到...
您已成功签到,系统送您1.00元的红包!

用户 15646563977 进行中...
开始登陆...
第1次识别验证码错误，登录失败...
登录成功!
开始签到...
您已成功签到,系统送您1.00元的红包!

用户 13141330862 进行中...
开始登陆...
登录成功!
开始签到...
您已成功签到,系统送您2.00元的红包!

用户 13141330987 进行中...
开始登陆...
登录成功!
开始签到...
您已成功签到,系统送您3.00元的红包!

用户 13240912500 进行中...
开始登陆...
登录成功!
开始签到...
您已成功签到,系统送您2.00元的红包!

用户 13240912700 进行中...
开始登陆...
登录成功!
开始签到...
您已成功签到,系统送您3.00元的红包!


程序执行结束，窗口即将关闭！

【2015-10-29】
用户 18211085003 进行中...
开始登陆...
登录成功!
开始签到...
您今天已经进行过签到,请明天继续!

用户 15646563977 进行中...
开始登陆...
第1次识别验证码错误，登录失败...
第2次识别验证码错误，登录失败...
登录成功!
开始签到...
您今天已经进行过签到,请明天继续!

用户 13141330862 进行中...
开始登陆...
登录成功!
开始签到...
您今天已经进行过签到,请明天继续!

用户 13141330987 进行中...
开始登陆...
登录成功!
开始签到...
您今天已经进行过签到,请明天继续!

用户 13240912500 进行中...
开始登陆...
登录成功!
开始签到...
您今天已经进行过签到,请明天继续!

用户 13240912700 进行中...
开始登陆...
登录成功!
开始签到...
您今天已经进行过签到,请明天继续!


程序执行结束，窗口即将关闭！

【2015-10-30】
用户 18211085003 进行中...
开始登陆...
登录成功!
开始签到...
您已成功签到,系统送您2.00元的红包!

用户 15646563977 进行中...
开始登陆...
第1次识别验证码错误，登录失败...
登录成功!
开始签到...
您已成功签到,系统送您4.00元的红包!

用户 13141330862 进行中...
开始登陆...
第1次识别验证码错误，登录失败...
登录成功!
开始签到...
您已成功签到,系统送您5.00元的红包!

用户 13141330987 进行中...
开始登陆...
登录成功!
开始签到...
您已成功签到,系统送您4.00元的红包!

用户 13240912500 进行中...
开始登陆...
第1次识别验证码错误，登录失败...
第2次识别验证码错误，登录失败...
登录成功!
开始签到...
您已成功签到,系统送您1.00元的红包!

用户 13240912700 进行中...
开始登陆...
登录成功!
开始签到...
您已成功签到,系统送您5.00元的红包!


程序执行结束，窗口即将关闭！

【2015-10-30】
用户 18211085003 进行中...
开始登陆...
第1次识别验证码错误，登录失败...
登录成功!
开始签到...
您今天已经进行过签到,请明天继续!

用户 15646563977 进行中...
开始登陆...
登录成功!
开始签到...
您今天已经进行过签到,请明天继续!

用户 13141330862 进行中...
开始登陆...
登录成功!
开始签到...
您今天已经进行过签到,请明天继续!

用户 13141330987 进行中...
开始登陆...
登录成功!
开始签到...
您今天已经进行过签到,请明天继续!

用户 13240912500 进行中...
开始登陆...
登录成功!
开始签到...
您今天已经进行过签到,请明天继续!

用户 13240912700 进行中...
开始登陆...
登录成功!
开始签到...
您今天已经进行过签到,请明天继续!


程序执行结束，窗口即将关闭！

【2015-10-31】
用户 18211085003 进行中...
开始登陆...
登录成功!
开始签到...
您已成功签到,系统送您4.00元的红包!

用户 15646563977 进行中...
开始登陆...
登录成功!
开始签到...
您已成功签到,系统送您1.00元的红包!

用户 13141330862 进行中...
开始登陆...
第1次识别验证码错误，登录失败...
登录成功!
开始签到...
您已成功签到,系统送您2.00元的红包!

用户 13141330987 进行中...
开始登陆...
第1次识别验证码错误，登录失败...
登录成功!
开始签到...
您已成功签到,系统送您4.00元的红包!

用户 13240912500 进行中...
开始登陆...
登录成功!
开始签到...
您已成功签到,系统送您1.00元的红包!

用户 13240912700 进行中...
开始登陆...
登录成功!
开始签到...
您已成功签到,系统送您4.00元的红包!


程序执行结束，窗口即将关闭！

【2015-10-31】
用户 18211085003 进行中...
开始登陆...
登录成功!
开始签到...
您今天已经进行过签到,请明天继续!

用户 15646563977 进行中...
开始登陆...
登录成功!
开始签到...
您今天已经进行过签到,请明天继续!

用户 13141330862 进行中...
开始登陆...
登录成功!
开始签到...
您今天已经进行过签到,请明天继续!

用户 13141330987 进行中...
开始登陆...
登录成功!
开始签到...
您今天已经进行过签到,请明天继续!

用户 13240912500 进行中...
开始登陆...
第1次识别验证码错误，登录失败...
登录成功!
开始签到...
您今天已经进行过签到,请明天继续!

用户 13240912700 进行中...
开始登陆...
登录成功!
开始签到...
您今天已经进行过签到,请明天继续!


程序执行结束，窗口即将关闭！

【2015-11-01】
用户 18211085003 进行中...
开始登陆...
第1次识别验证码错误，登录失败...
登录成功!
开始签到...
您已成功签到,系统送您2.00元的红包!

用户 15646563977 进行中...
开始登陆...
第1次识别验证码错误，登录失败...
第2次识别验证码错误，登录失败...
登录成功!
开始签到...
您已成功签到,系统送您3.00元的红包!

用户 13141330862 进行中...
开始登陆...
登录成功!
开始签到...
您已成功签到,系统送您2.00元的红包!

用户 13141330987 进行中...
开始登陆...
登录成功!
开始签到...
您已成功签到,系统送您5.00元的红包!

用户 13240912500 进行中...
开始登陆...
第1次识别验证码错误，登录失败...
登录成功!
开始签到...
您已成功签到,系统送您3.00元的红包!

用户 13240912700 进行中...
开始登陆...
登录成功!
开始签到...
您已成功签到,系统送您3.00元的红包!


程序执行结束，窗口即将关闭！

【2015-11-01】
用户 18211085003 进行中...
开始登陆...
登录成功!
开始签到...
您今天已经进行过签到,请明天继续!

用户 15646563977 进行中...
开始登陆...
登录成功!
开始签到...
您今天已经进行过签到,请明天继续!

用户 13141330862 进行中...
开始登陆...
登录成功!
开始签到...
您今天已经进行过签到,请明天继续!

用户 13141330987 进行中...
开始登陆...
第1次识别验证码错误，登录失败...
登录成功!
开始签到...
您今天已经进行过签到,请明天继续!

用户 13240912500 进行中...
开始登陆...
第1次识别验证码错误，登录失败...
登录成功!
开始签到...
您今天已经进行过签到,请明天继续!

用户 13240912700 进行中...
开始登陆...
登录成功!
开始签到...
您今天已经进行过签到,请明天继续!


程序执行结束，窗口即将关闭！

【2015-11-02】
用户 18211085003 进行中...
开始登陆...
第1次识别验证码错误，登录失败...
登录成功!
开始签到...
您已成功签到,系统送您5.00元的红包!

用户 15646563977 进行中...
开始登陆...
登录成功!
开始签到...
您已成功签到,系统送您2.00元的红包!

用户 13141330862 进行中...
开始登陆...
登录成功!
开始签到...
您已成功签到,系统送您3.00元的红包!

用户 13141330987 进行中...
开始登陆...
登录成功!
开始签到...
您已成功签到,系统送您3.00元的红包!

用户 13240912500 进行中...
开始登陆...
登录成功!
开始签到...
您已成功签到,系统送您4.00元的红包!

用户 13240912700 进行中...
开始登陆...
第1次识别验证码错误，登录失败...
登录成功!
开始签到...
您已成功签到,系统送您1.00元的红包!


程序执行结束，窗口即将关闭！
